06-Jun-2017 05:13:18.659 INFO [main] org.apache.catalina.startup.VersionLoggerListener.log Server version:        Apache Tomcat/8.0.23
06-Jun-2017 05:13:18.661 INFO [main] org.apache.catalina.startup.VersionLoggerListener.log Server built:          May 19 2015 14:58:38 UTC
06-Jun-2017 05:13:18.661 INFO [main] org.apache.catalina.startup.VersionLoggerListener.log Server number:         8.0.23.0
06-Jun-2017 05:13:18.661 INFO [main] org.apache.catalina.startup.VersionLoggerListener.log OS Name:               Linux
06-Jun-2017 05:13:18.661 INFO [main] org.apache.catalina.startup.VersionLoggerListener.log OS Version:            3.10.0-514.21.1.el7.x86_64
06-Jun-2017 05:13:18.661 INFO [main] org.apache.catalina.startup.VersionLoggerListener.log Architecture:          amd64
06-Jun-2017 05:13:18.661 INFO [main] org.apache.catalina.startup.VersionLoggerListener.log Java Home:             /usr/lib/jvm/java-8-openjdk-amd64/jre
06-Jun-2017 05:13:18.661 INFO [main] org.apache.catalina.startup.VersionLoggerListener.log JVM Version:           1.8.0_45-internal-b14
06-Jun-2017 05:13:18.662 INFO [main] org.apache.catalina.startup.VersionLoggerListener.log JVM Vendor:            Oracle Corporation
06-Jun-2017 05:13:18.662 INFO [main] org.apache.catalina.startup.VersionLoggerListener.log CATALINA_BASE:         /usr/local/tomcat
06-Jun-2017 05:13:18.662 INFO [main] org.apache.catalina.startup.VersionLoggerListener.log CATALINA_HOME:         /usr/local/tomcat
06-Jun-2017 05:13:18.662 INFO [main] org.apache.catalina.startup.VersionLoggerListener.log Command line argument: -Djava.util.logging.config.file=/usr/local/tomcat/conf/logging.properties
06-Jun-2017 05:13:18.662 INFO [main] org.apache.catalina.startup.VersionLoggerListener.log Command line argument: -Djava.util.logging.manager=org.apache.juli.ClassLoaderLogManager
06-Jun-2017 05:13:18.662 INFO [main] org.apache.catalina.startup.VersionLoggerListener.log Command line argument: -Djava.endorsed.dirs=/usr/local/tomcat/endorsed
06-Jun-2017 05:13:18.662 INFO [main] org.apache.catalina.startup.VersionLoggerListener.log Command line argument: -Dcatalina.base=/usr/local/tomcat
06-Jun-2017 05:13:18.662 INFO [main] org.apache.catalina.startup.VersionLoggerListener.log Command line argument: -Dcatalina.home=/usr/local/tomcat
06-Jun-2017 05:13:18.662 INFO [main] org.apache.catalina.startup.VersionLoggerListener.log Command line argument: -Djava.io.tmpdir=/usr/local/tomcat/temp
06-Jun-2017 05:13:18.663 INFO [main] org.apache.catalina.core.AprLifecycleListener.lifecycleEvent The APR based Apache Tomcat Native library which allows optimal performance in production environments was not found on the java.library.path: /usr/java/packages/lib/amd64:/usr/lib/x86_64-linux-gnu/jni:/lib/x86_64-linux-gnu:/usr/lib/x86_64-linux-gnu:/usr/lib/jni:/lib:/usr/lib
06-Jun-2017 05:13:18.790 INFO [main] org.apache.coyote.AbstractProtocol.init Initializing ProtocolHandler ["http-nio-8080"]
06-Jun-2017 05:13:18.810 INFO [main] org.apache.tomcat.util.net.NioSelectorPool.getSharedSelector Using a shared selector for servlet write/read
06-Jun-2017 05:13:18.817 INFO [main] org.apache.coyote.AbstractProtocol.init Initializing ProtocolHandler ["ajp-nio-8009"]
06-Jun-2017 05:13:18.818 INFO [main] org.apache.tomcat.util.net.NioSelectorPool.getSharedSelector Using a shared selector for servlet write/read
06-Jun-2017 05:13:18.823 INFO [main] org.apache.catalina.startup.Catalina.load Initialization processed in 690 ms
06-Jun-2017 05:13:18.868 INFO [main] org.apache.catalina.core.StandardService.startInternal Starting service Catalina
06-Jun-2017 05:13:18.868 INFO [main] org.apache.catalina.core.StandardEngine.startInternal Starting Servlet Engine: Apache Tomcat/8.0.23
06-Jun-2017 05:13:18.888 INFO [localhost-startStop-1] org.apache.catalina.startup.HostConfig.deployDirectory Deploying web application directory /usr/local/tomcat/webapps/ROOT
06-Jun-2017 05:16:39.932 INFO [main] org.apache.catalina.startup.VersionLoggerListener.log Server version:        Apache Tomcat/8.0.23
06-Jun-2017 05:16:39.934 INFO [main] org.apache.catalina.startup.VersionLoggerListener.log Server built:          May 19 2015 14:58:38 UTC
06-Jun-2017 05:16:39.934 INFO [main] org.apache.catalina.startup.VersionLoggerListener.log Server number:         8.0.23.0
06-Jun-2017 05:16:39.934 INFO [main] org.apache.catalina.startup.VersionLoggerListener.log OS Name:               Linux
06-Jun-2017 05:16:39.934 INFO [main] org.apache.catalina.startup.VersionLoggerListener.log OS Version:            3.10.0-514.21.1.el7.x86_64
06-Jun-2017 05:16:39.934 INFO [main] org.apache.catalina.startup.VersionLoggerListener.log Architecture:          amd64
06-Jun-2017 05:16:39.934 INFO [main] org.apache.catalina.startup.VersionLoggerListener.log Java Home:             /usr/lib/jvm/java-8-openjdk-amd64/jre
06-Jun-2017 05:16:39.935 INFO [main] org.apache.catalina.startup.VersionLoggerListener.log JVM Version:           1.8.0_45-internal-b14
06-Jun-2017 05:16:39.935 INFO [main] org.apache.catalina.startup.VersionLoggerListener.log JVM Vendor:            Oracle Corporation
06-Jun-2017 05:16:39.935 INFO [main] org.apache.catalina.startup.VersionLoggerListener.log CATALINA_BASE:         /usr/local/tomcat
06-Jun-2017 05:16:39.935 INFO [main] org.apache.catalina.startup.VersionLoggerListener.log CATALINA_HOME:         /usr/local/tomcat
06-Jun-2017 05:16:39.935 INFO [main] org.apache.catalina.startup.VersionLoggerListener.log Command line argument: -Djava.util.logging.config.file=/usr/local/tomcat/conf/logging.properties
06-Jun-2017 05:16:39.935 INFO [main] org.apache.catalina.startup.VersionLoggerListener.log Command line argument: -Djava.util.logging.manager=org.apache.juli.ClassLoaderLogManager
06-Jun-2017 05:16:39.935 INFO [main] org.apache.catalina.startup.VersionLoggerListener.log Command line argument: -Djava.endorsed.dirs=/usr/local/tomcat/endorsed
06-Jun-2017 05:16:39.935 INFO [main] org.apache.catalina.startup.VersionLoggerListener.log Command line argument: -Dcatalina.base=/usr/local/tomcat
06-Jun-2017 05:16:39.935 INFO [main] org.apache.catalina.startup.VersionLoggerListener.log Command line argument: -Dcatalina.home=/usr/local/tomcat
06-Jun-2017 05:16:39.935 INFO [main] org.apache.catalina.startup.VersionLoggerListener.log Command line argument: -Djava.io.tmpdir=/usr/local/tomcat/temp
06-Jun-2017 05:16:39.936 INFO [main] org.apache.catalina.core.AprLifecycleListener.lifecycleEvent The APR based Apache Tomcat Native library which allows optimal performance in production environments was not found on the java.library.path: /usr/java/packages/lib/amd64:/usr/lib/x86_64-linux-gnu/jni:/lib/x86_64-linux-gnu:/usr/lib/x86_64-linux-gnu:/usr/lib/jni:/lib:/usr/lib
06-Jun-2017 05:16:40.056 INFO [main] org.apache.coyote.AbstractProtocol.init Initializing ProtocolHandler ["http-nio-8080"]
06-Jun-2017 05:16:40.072 INFO [main] org.apache.tomcat.util.net.NioSelectorPool.getSharedSelector Using a shared selector for servlet write/read
06-Jun-2017 05:16:40.077 INFO [main] org.apache.coyote.AbstractProtocol.init Initializing ProtocolHandler ["ajp-nio-8009"]
06-Jun-2017 05:16:40.079 INFO [main] org.apache.tomcat.util.net.NioSelectorPool.getSharedSelector Using a shared selector for servlet write/read
06-Jun-2017 05:16:40.082 INFO [main] org.apache.catalina.startup.Catalina.load Initialization processed in 690 ms
06-Jun-2017 05:16:40.122 INFO [main] org.apache.catalina.core.StandardService.startInternal Starting service Catalina
06-Jun-2017 05:16:40.122 INFO [main] org.apache.catalina.core.StandardEngine.startInternal Starting Servlet Engine: Apache Tomcat/8.0.23
06-Jun-2017 05:16:40.148 INFO [localhost-startStop-1] org.apache.catalina.startup.HostConfig.deployDirectory Deploying web application directory /usr/local/tomcat/webapps/ROOT
b3cf19cd67537f4fcb22a41207a3266350a6a68c2d3f601e10b0320cf4372133
/usr/bin/docker-current: Error response from daemon: driver failed programming external connectivity on endpoint desperate_lalande (82eb47415c09cd8c10e64a4abc4de2a82d485cc7746869e0baf715f16c172697): Bind for 0.0.0.0:8080 failed: port is already allocated.
06-Jun-2017 05:23:55.934 INFO [localhost-startStop-1] org.apache.catalina.util.SessionIdGeneratorBase.createSecureRandom Creation of SecureRandom instance for session ID generation using [SHA1PRNG] took [435,429] milliseconds.
06-Jun-2017 05:23:55.959 INFO [localhost-startStop-1] org.apache.catalina.startup.HostConfig.deployDirectory Deployment of web application directory /usr/local/tomcat/webapps/ROOT has finished in 435,811 ms
06-Jun-2017 05:23:55.960 INFO [localhost-startStop-1] org.apache.catalina.startup.HostConfig.deployDirectory Deploying web application directory /usr/local/tomcat/webapps/docs
06-Jun-2017 05:23:55.997 INFO [localhost-startStop-1] org.apache.catalina.startup.HostConfig.deployDirectory Deployment of web application directory /usr/local/tomcat/webapps/docs has finished in 36 ms
06-Jun-2017 05:23:55.997 INFO [localhost-startStop-1] org.apache.catalina.startup.HostConfig.deployDirectory Deploying web application directory /usr/local/tomcat/webapps/examples
06-Jun-2017 05:23:56.318 INFO [localhost-startStop-1] org.apache.catalina.startup.HostConfig.deployDirectory Deployment of web application directory /usr/local/tomcat/webapps/examples has finished in 321 ms
06-Jun-2017 05:23:56.319 INFO [localhost-startStop-1] org.apache.catalina.startup.HostConfig.deployDirectory Deploying web application directory /usr/local/tomcat/webapps/host-manager
06-Jun-2017 05:23:56.398 INFO [localhost-startStop-1] org.apache.catalina.startup.HostConfig.deployDirectory Deployment of web application directory /usr/local/tomcat/webapps/host-manager has finished in 79 ms
06-Jun-2017 05:23:56.398 INFO [localhost-startStop-1] org.apache.catalina.startup.HostConfig.deployDirectory Deploying web application directory /usr/local/tomcat/webapps/manager
06-Jun-2017 05:23:56.433 INFO [localhost-startStop-1] org.apache.catalina.startup.HostConfig.deployDirectory Deployment of web application directory /usr/local/tomcat/webapps/manager has finished in 35 ms
06-Jun-2017 05:23:56.439 INFO [main] org.apache.coyote.AbstractProtocol.start Starting ProtocolHandler ["http-nio-8080"]
06-Jun-2017 05:23:56.447 INFO [main] org.apache.coyote.AbstractProtocol.start Starting ProtocolHandler ["ajp-nio-8009"]
06-Jun-2017 05:23:56.455 INFO [main] org.apache.catalina.startup.Catalina.start Server startup in 436372 ms
